Arguments: 
  /usr/local/bin/node /usr/share/yarn/bin/yarn.js

PATH: 
  /usr/local/sbin:/usr/local/bin:/usr/sbin:/usr/bin:/sbin:/bin:/usr/games:/usr/local/games:/snap/bin

Yarn version: 
  1.22.5

Node version: 
  10.22.0

Platform: 
  linux x64

Trace: 
  SyntaxError: /home/r/github/beejee-test/assets/src/package.json: Unexpected token } in JSON at position 296
      at JSON.parse (<anonymous>)
      at /usr/share/yarn/lib/cli.js:1625:59
      at Generator.next (<anonymous>)
      at step (/usr/share/yarn/lib/cli.js:310:30)
      at /usr/share/yarn/lib/cli.js:321:13

npm manifest: 
  {
      "name": "webpack-test",
      "version": "1.0.0",
      "main": "./src/server.js",
      "scripts": {
          "start": "webpack --config webpack.config.js --watch --mode development --env.development",
          "build": "webpack --config webpack.config.js --mode production --env.production",
      },
      "license": "MIT",
      "dependencies": {
          "axios": "^0.19.2",
          "jquery": "^3.3.1"
      },
      "devDependencies": {
          "@babel/core": "^7.2.2",
          "@babel/plugin-proposal-decorators": "^7.3.0",
          "@babel/plugin-proposal-export-default-from": "^7.8.3",
          "@babel/preset-env": "^7.3.0",
          "@babel/register": "^7.4.0",
          "autoprefixer": "^9.4.7",
          "babel-eslint": "^10.0.1",
          "babel-loader": "^8.0.5",
          "clean-webpack-plugin": "^1.0.1",
          "copy-webpack-plugin": "^4.6.0",
          "express": "^4.16.4",
          "extract-loader": "^3.1.0",
          "extract-text-webpack-plugin": "^4.0.0-beta.0",
          "friendly-errors-webpack-plugin": "^1.7.0",
          "webpack": "^4.29.0",
          "webpack-cli": "^3.2.1",
          "webpack-dev-server": "^3.1.14",
          "webpack-replace-loader": "^1.3.0"
      }
  }

yarn manifest: 
  No manifest

Lockfile: 
  No lockfile
